Using pre-set license
Built from '2020.3/staging' branch; Version is '2020.3.6f1 (338bb68529b2) revision 3378102'; Using compiler version '192528614'; Build Type 'Release'
OS: 'Windows 10 Home; OS build 19042.1288; Version 2009; 64bit' Language: 'nl' Physical Memory: 16272 MB
BatchMode: 1, IsHumanControllingUs: 0, StartBugReporterOnCrash: 0, Is64bit: 1, IsPro: 0

 COMMAND LINE ARGUMENTS:
C:\Program Files\Unity\Hub\Editor\2020.3.6f1\Editor\Unity.exe
-adb2
-batchMode
-noUpm
-name
AssetImportWorker0
-projectPath
C:/Users/fpwee/GuidoMista/Castle Shock
-logFile
Logs/AssetImportWorker0.log
-srvPort
58142
Successfully changed project path to: C:/Users/fpwee/GuidoMista/Castle Shock
C:/Users/fpwee/GuidoMista/Castle Shock
Using Asset Import Pipeline V2.
Refreshing native plugins compatible for Editor in 41.06 ms, found 1 plugins.
Preloading 0 native plugins for Editor in 0.00 ms.
Initialize engine version: 2020.3.6f1 (338bb68529b2)
[Subsystems] Discovering subsystems at path C:/Program Files/Unity/Hub/Editor/2020.3.6f1/Editor/Data/Resources/UnitySubsystems
[Subsystems] Discovering subsystems at path C:/Users/fpwee/GuidoMista/Castle Shock/Assets
GfxDevice: creating device client; threaded=0
Direct3D:
    Version:  Direct3D 11.0 [level 11.1]
    Renderer: NVIDIA GeForce GTX 1050 Ti (ID=0x1c8c)
    Vendor:   
    VRAM:     4018 MB
    Driver:   27.21.14.6280
Initialize mono
Mono path[0] = 'C:/Program Files/Unity/Hub/Editor/2020.3.6f1/Editor/Data/Managed'
Mono path[1] = 'C:/Program Files/Unity/Hub/Editor/2020.3.6f1/Editor/Data/MonoBleedingEdge/lib/mono/unityjit'
Mono config path = 'C:/Program Files/Unity/Hub/Editor/2020.3.6f1/Editor/Data/MonoBleedingEdge/etc'
Using monoOptions --debugger-agent=transport=dt_socket,embedding=1,server=y,suspend=n,address=127.0.0.1:56980
Begin MonoManager ReloadAssembly
Registering precompiled unity dll's ...
Register platform support module: C:/Program Files/Unity/Hub/Editor/2020.3.6f1/Editor/Data/PlaybackEngines/WindowsStandaloneSupport/UnityEditor.WindowsStandalone.Extensions.dll
Registered in 0.002575 seconds.
Native extension for WindowsStandalone target not found
Refreshing native plugins compatible for Editor in 38.88 ms, found 1 plugins.
Preloading 0 native plugins for Editor in 0.00 ms.
Mono: successfully reloaded assembly
- Completed reload, in  1.159 seconds
Platform modules already initialized, skipping
Registering precompiled user dll's ...
Registered in 0.001504 seconds.
Begin MonoManager ReloadAssembly
Native extension for WindowsStandalone target not found
Refreshing native plugins compatible for Editor in 37.28 ms, found 1 plugins.
Preloading 0 native plugins for Editor in 0.00 ms.
Mono: successfully reloaded assembly
- Completed reload, in  0.946 seconds
Platform modules already initialized, skipping
========================================================================
Worker process is ready to serve import requests
Launched and connected shader compiler UnityShaderCompiler.exe after 0.06 seconds
Refreshing native plugins compatible for Editor in 0.39 ms, found 1 plugins.
Preloading 0 native plugins for Editor in 0.00 ms.
Unloading 1809 Unused Serialized files (Serialized files now loaded: 0)
System memory in use before: 84.9 MB.
System memory in use after: 85.0 MB.

Unloading 19 unused Assets to reduce memory usage. Loaded Objects now: 2256.
Total: 2.904800 ms (FindLiveObjects: 0.457800 ms CreateObjectMapping: 0.111400 ms MarkObjects: 2.237300 ms  DeleteObjects: 0.096100 ms)

========================================================================
Received Import Request.
  path: Assets/Character
  artifactKey: Guid(e597f6fd36947ef4cbd016013fda8601) Importer(815301076,1909f56bfc062723c751e8b465ee728b)
Start importing Assets/Character using Guid(e597f6fd36947ef4cbd016013fda8601) Importer(815301076,1909f56bfc062723c751e8b465ee728b)  -> (artifact id: 'd60907d67e823c7798040f50136894a3') in 0.006095 seconds
  Import took 0.009074 seconds .

========================================================================
Received Prepare
Registering precompiled user dll's ...
Registered in 0.001692 seconds.
Begin MonoManager ReloadAssembly
Native extension for WindowsStandalone target not found
Refreshing native plugins compatible for Editor in 0.39 ms, found 1 plugins.
Preloading 0 native plugins for Editor in 0.00 ms.
Mono: successfully reloaded assembly
- Completed reload, in  1.132 seconds
Platform modules already initialized, skipping
Refreshing native plugins compatible for Editor in 0.44 ms, found 1 plugins.
Preloading 0 native plugins for Editor in 0.00 ms.
Unloading 1800 Unused Serialized files (Serialized files now loaded: 0)
System memory in use before: 84.5 MB.
System memory in use after: 84.6 MB.

Unloading 8 unused Assets to reduce memory usage. Loaded Objects now: 2259.
Total: 2.496900 ms (FindLiveObjects: 0.215600 ms CreateObjectMapping: 0.089200 ms MarkObjects: 2.173100 ms  DeleteObjects: 0.017400 ms)

========================================================================
Received Prepare
Registering precompiled user dll's ...
Registered in 0.001425 seconds.
Begin MonoManager ReloadAssembly
Native extension for WindowsStandalone target not found
Refreshing native plugins compatible for Editor in 0.34 ms, found 1 plugins.
Preloading 0 native plugins for Editor in 0.00 ms.
Mono: successfully reloaded assembly
- Completed reload, in  0.935 seconds
Platform modules already initialized, skipping
Refreshing native plugins compatible for Editor in 0.51 ms, found 1 plugins.
Preloading 0 native plugins for Editor in 0.00 ms.
Unloading 1800 Unused Serialized files (Serialized files now loaded: 0)
System memory in use before: 84.5 MB.
System memory in use after: 84.6 MB.

Unloading 8 unused Assets to reduce memory usage. Loaded Objects now: 2262.
Total: 2.276800 ms (FindLiveObjects: 0.158900 ms CreateObjectMapping: 0.060200 ms MarkObjects: 2.039300 ms  DeleteObjects: 0.017300 ms)

========================================================================
Received Prepare
Registering precompiled user dll's ...
Registered in 0.002018 seconds.
Begin MonoManager ReloadAssembly
Native extension for WindowsStandalone target not found
Refreshing native plugins compatible for Editor in 0.55 ms, found 1 plugins.
Preloading 0 native plugins for Editor in 0.00 ms.
Mono: successfully reloaded assembly
- Completed reload, in  1.104 seconds
Platform modules already initialized, skipping
Refreshing native plugins compatible for Editor in 0.46 ms, found 1 plugins.
Preloading 0 native plugins for Editor in 0.00 ms.
Unloading 1800 Unused Serialized files (Serialized files now loaded: 0)
System memory in use before: 84.5 MB.
System memory in use after: 84.6 MB.

Unloading 8 unused Assets to reduce memory usage. Loaded Objects now: 2265.
Total: 2.684500 ms (FindLiveObjects: 0.277300 ms CreateObjectMapping: 0.096200 ms MarkObjects: 2.293700 ms  DeleteObjects: 0.016000 ms)

========================================================================
Received Prepare
Registering precompiled user dll's ...
Registered in 0.002317 seconds.
Begin MonoManager ReloadAssembly
Native extension for WindowsStandalone target not found
Refreshing native plugins compatible for Editor in 0.55 ms, found 1 plugins.
Preloading 0 native plugins for Editor in 0.00 ms.
Mono: successfully reloaded assembly
- Completed reload, in  1.088 seconds
Platform modules already initialized, skipping
Refreshing native plugins compatible for Editor in 1.19 ms, found 1 plugins.
Preloading 0 native plugins for Editor in 0.00 ms.
Unloading 1800 Unused Serialized files (Serialized files now loaded: 0)
System memory in use before: 84.6 MB.
System memory in use after: 84.7 MB.

Unloading 8 unused Assets to reduce memory usage. Loaded Objects now: 2268.
Total: 2.624400 ms (FindLiveObjects: 0.230100 ms CreateObjectMapping: 0.093000 ms MarkObjects: 2.277200 ms  DeleteObjects: 0.022700 ms)

========================================================================
Received Prepare
Registering precompiled user dll's ...
Registered in 0.001533 seconds.
Begin MonoManager ReloadAssembly
Native extension for WindowsStandalone target not found
Refreshing native plugins compatible for Editor in 0.47 ms, found 1 plugins.
Preloading 0 native plugins for Editor in 0.00 ms.
Mono: successfully reloaded assembly
- Completed reload, in  1.402 seconds
Platform modules already initialized, skipping
Refreshing native plugins compatible for Editor in 0.36 ms, found 1 plugins.
Preloading 0 native plugins for Editor in 0.00 ms.
Unloading 1800 Unused Serialized files (Serialized files now loaded: 0)
System memory in use before: 84.6 MB.
System memory in use after: 84.7 MB.

Unloading 8 unused Assets to reduce memory usage. Loaded Objects now: 2271.
Total: 1.991800 ms (FindLiveObjects: 0.173700 ms CreateObjectMapping: 0.075500 ms MarkObjects: 1.726200 ms  DeleteObjects: 0.015700 ms)

========================================================================
Received Prepare
Registering precompiled user dll's ...
Registered in 0.001119 seconds.
Begin MonoManager ReloadAssembly
Native extension for WindowsStandalone target not found
Refreshing native plugins compatible for Editor in 0.35 ms, found 1 plugins.
Preloading 0 native plugins for Editor in 0.00 ms.
Mono: successfully reloaded assembly
- Completed reload, in  0.845 seconds
Platform modules already initialized, skipping
Refreshing native plugins compatible for Editor in 0.31 ms, found 1 plugins.
Preloading 0 native plugins for Editor in 0.00 ms.
Unloading 1800 Unused Serialized files (Serialized files now loaded: 0)
System memory in use before: 84.6 MB.
System memory in use after: 84.7 MB.

Unloading 8 unused Assets to reduce memory usage. Loaded Objects now: 2274.
Total: 2.334600 ms (FindLiveObjects: 0.257100 ms CreateObjectMapping: 0.096700 ms MarkObjects: 1.959900 ms  DeleteObjects: 0.019500 ms)

========================================================================
Received Prepare
Registering precompiled user dll's ...
Registered in 0.001241 seconds.
Begin MonoManager ReloadAssembly
Native extension for WindowsStandalone target not found
Refreshing native plugins compatible for Editor in 0.32 ms, found 1 plugins.
Preloading 0 native plugins for Editor in 0.00 ms.
Mono: successfully reloaded assembly
- Completed reload, in  0.905 seconds
Platform modules already initialized, skipping
Refreshing native plugins compatible for Editor in 0.33 ms, found 1 plugins.
Preloading 0 native plugins for Editor in 0.00 ms.
Unloading 1800 Unused Serialized files (Serialized files now loaded: 0)
System memory in use before: 84.6 MB.
System memory in use after: 84.7 MB.

Unloading 8 unused Assets to reduce memory usage. Loaded Objects now: 2277.
Total: 1.963600 ms (FindLiveObjects: 0.162700 ms CreateObjectMapping: 0.058300 ms MarkObjects: 1.727900 ms  DeleteObjects: 0.013600 ms)

========================================================================
Received Prepare
Registering precompiled user dll's ...
Registered in 0.001560 seconds.
Begin MonoManager ReloadAssembly
Native extension for WindowsStandalone target not found
Refreshing native plugins compatible for Editor in 0.41 ms, found 1 plugins.
Preloading 0 native plugins for Editor in 0.00 ms.
Mono: successfully reloaded assembly
- Completed reload, in  0.944 seconds
Platform modules already initialized, skipping
Refreshing native plugins compatible for Editor in 0.88 ms, found 1 plugins.
Preloading 0 native plugins for Editor in 0.00 ms.
Unloading 1800 Unused Serialized files (Serialized files now loaded: 0)
System memory in use before: 84.6 MB.
System memory in use after: 84.7 MB.

Unloading 8 unused Assets to reduce memory usage. Loaded Objects now: 2280.
Total: 2.248100 ms (FindLiveObjects: 0.301300 ms CreateObjectMapping: 0.101100 ms MarkObjects: 1.831100 ms  DeleteObjects: 0.013600 ms)

========================================================================
Received Prepare
Registering precompiled user dll's ...
Registered in 0.001121 seconds.
Begin MonoManager ReloadAssembly
Native extension for WindowsStandalone target not found
Refreshing native plugins compatible for Editor in 0.68 ms, found 1 plugins.
Preloading 0 native plugins for Editor in 0.00 ms.
Mono: successfully reloaded assembly
- Completed reload, in  1.033 seconds
Platform modules already initialized, skipping
Refreshing native plugins compatible for Editor in 0.42 ms, found 1 plugins.
Preloading 0 native plugins for Editor in 0.00 ms.
Unloading 1800 Unused Serialized files (Serialized files now loaded: 0)
System memory in use before: 84.6 MB.
System memory in use after: 84.7 MB.

Unloading 8 unused Assets to reduce memory usage. Loaded Objects now: 2283.
Total: 2.320100 ms (FindLiveObjects: 0.192700 ms CreateObjectMapping: 0.059100 ms MarkObjects: 2.052500 ms  DeleteObjects: 0.014700 ms)

========================================================================
Received Prepare
Registering precompiled user dll's ...
Registered in 0.001252 seconds.
Begin MonoManager ReloadAssembly
Native extension for WindowsStandalone target not found
Refreshing native plugins compatible for Editor in 0.38 ms, found 1 plugins.
Preloading 0 native plugins for Editor in 0.00 ms.
Mono: successfully reloaded assembly
- Completed reload, in  0.875 seconds
Platform modules already initialized, skipping
Refreshing native plugins compatible for Editor in 0.33 ms, found 1 plugins.
Preloading 0 native plugins for Editor in 0.00 ms.
Unloading 1800 Unused Serialized files (Serialized files now loaded: 0)
System memory in use before: 84.6 MB.
System memory in use after: 84.7 MB.

Unloading 8 unused Assets to reduce memory usage. Loaded Objects now: 2286.
Total: 1.877800 ms (FindLiveObjects: 0.186500 ms CreateObjectMapping: 0.073300 ms MarkObjects: 1.599800 ms  DeleteObjects: 0.016400 ms)

========================================================================
Received Prepare
Registering precompiled user dll's ...
Registered in 0.001715 seconds.
Begin MonoManager ReloadAssembly
Native extension for WindowsStandalone target not found
Refreshing native plugins compatible for Editor in 0.37 ms, found 1 plugins.
Preloading 0 native plugins for Editor in 0.00 ms.
Mono: successfully reloaded assembly
- Completed reload, in  0.875 seconds
Platform modules already initialized, skipping
Refreshing native plugins compatible for Editor in 0.35 ms, found 1 plugins.
Preloading 0 native plugins for Editor in 0.00 ms.
Unloading 1800 Unused Serialized files (Serialized files now loaded: 0)
System memory in use before: 84.6 MB.
System memory in use after: 84.7 MB.

Unloading 8 unused Assets to reduce memory usage. Loaded Objects now: 2289.
Total: 1.947900 ms (FindLiveObjects: 0.158400 ms CreateObjectMapping: 0.055400 ms MarkObjects: 1.720600 ms  DeleteObjects: 0.012700 ms)

========================================================================
Received Prepare
Registering precompiled user dll's ...
Registered in 0.001171 seconds.
Begin MonoManager ReloadAssembly
Native extension for WindowsStandalone target not found
Refreshing native plugins compatible for Editor in 0.33 ms, found 1 plugins.
Preloading 0 native plugins for Editor in 0.00 ms.
Mono: successfully reloaded assembly
- Completed reload, in  0.848 seconds
Platform modules already initialized, skipping
Refreshing native plugins compatible for Editor in 0.31 ms, found 1 plugins.
Preloading 0 native plugins for Editor in 0.00 ms.
Unloading 1800 Unused Serialized files (Serialized files now loaded: 0)
System memory in use before: 84.6 MB.
System memory in use after: 84.7 MB.

Unloading 8 unused Assets to reduce memory usage. Loaded Objects now: 2292.
Total: 2.495600 ms (FindLiveObjects: 0.227500 ms CreateObjectMapping: 0.085000 ms MarkObjects: 2.163100 ms  DeleteObjects: 0.018400 ms)

========================================================================
Received Prepare
Registering precompiled user dll's ...
Registered in 0.001157 seconds.
Begin MonoManager ReloadAssembly
Native extension for WindowsStandalone target not found
Refreshing native plugins compatible for Editor in 0.59 ms, found 1 plugins.
Preloading 0 native plugins for Editor in 0.00 ms.
Mono: successfully reloaded assembly
- Completed reload, in  1.029 seconds
Platform modules already initialized, skipping
Refreshing native plugins compatible for Editor in 0.38 ms, found 1 plugins.
Preloading 0 native plugins for Editor in 0.00 ms.
Unloading 1800 Unused Serialized files (Serialized files now loaded: 0)
System memory in use before: 84.6 MB.
System memory in use after: 84.7 MB.

Unloading 8 unused Assets to reduce memory usage. Loaded Objects now: 2295.
Total: 2.300900 ms (FindLiveObjects: 0.319400 ms CreateObjectMapping: 0.102500 ms MarkObjects: 1.857300 ms  DeleteObjects: 0.019700 ms)

========================================================================
Received Import Request.
  Time since last request: 1076.399219 seconds.
  path: Assets/Materials/wallassshit.png
  artifactKey: Guid(ab17106e6cb47a14b9418879be026468) Importer(815301076,1909f56bfc062723c751e8b465ee728b)
Start importing Assets/Materials/wallassshit.png using Guid(ab17106e6cb47a14b9418879be026468) Importer(815301076,1909f56bfc062723c751e8b465ee728b)  -> (artifact id: 'ea79f4b6db17acf4895c28830496356f') in 0.210911 seconds
  Import took 0.216259 seconds .

========================================================================
Received Import Request.
  Time since last request: 486.368151 seconds.
  path: Assets/Materials/Materials
  artifactKey: Guid(024f04ab5db6e5b4a89395258de1daee) Importer(815301076,1909f56bfc062723c751e8b465ee728b)
Start importing Assets/Materials/Materials using Guid(024f04ab5db6e5b4a89395258de1daee) Importer(815301076,1909f56bfc062723c751e8b465ee728b)  -> (artifact id: '5c27b67db490ffa2c413b86904bcd734') in 0.005029 seconds
  Import took 0.008727 seconds .

========================================================================
Received Import Request.
  Time since last request: 0.630755 seconds.
  path: Assets/Materials/Ground Materials
  artifactKey: Guid(06260cabeb94f5a419109eebc18d56ce) Importer(815301076,1909f56bfc062723c751e8b465ee728b)
Start importing Assets/Materials/Ground Materials using Guid(06260cabeb94f5a419109eebc18d56ce) Importer(815301076,1909f56bfc062723c751e8b465ee728b)  -> (artifact id: '52743410ea7a89426ab16a2c70c35071') in 0.004535 seconds
  Import took 0.007795 seconds .

========================================================================
Received Import Request.
  Time since last request: 0.074661 seconds.
  path: Assets/Materials/Ground Materials/1 layer below grass.mat
  artifactKey: Guid(0657f0de29b8e7f4aa5b18a73d1b7749) Importer(815301076,1909f56bfc062723c751e8b465ee728b)
Start importing Assets/Materials/Ground Materials/1 layer below grass.mat using Guid(0657f0de29b8e7f4aa5b18a73d1b7749) Importer(815301076,1909f56bfc062723c751e8b465ee728b)  -> (artifact id: '40b48bea0c904c0334fdfea2dee1799e') in 0.052989 seconds
  Import took 0.055665 seconds .

========================================================================
Received Import Request.
  Time since last request: 0.000444 seconds.
  path: Assets/Materials/Ground Materials/Dirt.mat
  artifactKey: Guid(c12055d4e7139914aa0370c41c291016) Importer(815301076,1909f56bfc062723c751e8b465ee728b)
Start importing Assets/Materials/Ground Materials/Dirt.mat using Guid(c12055d4e7139914aa0370c41c291016) Importer(815301076,1909f56bfc062723c751e8b465ee728b)  -> (artifact id: '5211c61c24222f704ecea4d904a0cc92') in 0.011677 seconds
  Import took 0.014887 seconds .

========================================================================
Received Import Request.
  Time since last request: 0.000452 seconds.
  path: Assets/Materials/Ground Materials/Main Grass.mat
  artifactKey: Guid(7ac1a33d857cb364e9c8ba4c8e3b9f9d) Importer(815301076,1909f56bfc062723c751e8b465ee728b)
Start importing Assets/Materials/Ground Materials/Main Grass.mat using Guid(7ac1a33d857cb364e9c8ba4c8e3b9f9d) Importer(815301076,1909f56bfc062723c751e8b465ee728b)  -> (artifact id: '6b68f31b858c5dd25c6c51965b990f51') in 0.014379 seconds
  Import took 0.017265 seconds .

========================================================================
Received Import Request.
  Time since last request: 0.000535 seconds.
  path: Assets/Materials/Ground Materials/4 layers below grass.mat
  artifactKey: Guid(8119449132030e545a472715495fef82) Importer(815301076,1909f56bfc062723c751e8b465ee728b)
Start importing Assets/Materials/Ground Materials/4 layers below grass.mat using Guid(8119449132030e545a472715495fef82) Importer(815301076,1909f56bfc062723c751e8b465ee728b)  -> (artifact id: '2e017ab7fb8f1a48af92a6ad502fd2d6') in 0.018052 seconds
  Import took 0.021588 seconds .

========================================================================
Received Import Request.
  Time since last request: 0.000429 seconds.
  path: Assets/Materials/Ground Materials/2 layers below grass.mat
  artifactKey: Guid(7aea0c44ffe4e8b478b9330d0e50367d) Importer(815301076,1909f56bfc062723c751e8b465ee728b)
Start importing Assets/Materials/Ground Materials/2 layers below grass.mat using Guid(7aea0c44ffe4e8b478b9330d0e50367d) Importer(815301076,1909f56bfc062723c751e8b465ee728b)  -> (artifact id: '4111b368cf289f3a41dfe7177cb73c2c') in 0.014496 seconds
  Import took 0.018403 seconds .

========================================================================
Received Import Request.
  Time since last request: 0.000638 seconds.
  path: Assets/Materials/Ground Materials/3 layers below grass.mat
  artifactKey: Guid(5e1ca327ac635434bad2cdb00587d10c) Importer(815301076,1909f56bfc062723c751e8b465ee728b)
Start importing Assets/Materials/Ground Materials/3 layers below grass.mat using Guid(5e1ca327ac635434bad2cdb00587d10c) Importer(815301076,1909f56bfc062723c751e8b465ee728b)  -> (artifact id: '51f26f6d5c494938a03b5c0486d22966') in 0.012123 seconds
  Import took 0.016080 seconds .

========================================================================
Received Import Request.
  Time since last request: 2.449318 seconds.
  path: Assets/Materials/Materials/wallassshit.mat
  artifactKey: Guid(1e96f5dee8e5ace48a9c7cc7440f0f1c) Importer(815301076,1909f56bfc062723c751e8b465ee728b)
Start importing Assets/Materials/Materials/wallassshit.mat using Guid(1e96f5dee8e5ace48a9c7cc7440f0f1c) Importer(815301076,1909f56bfc062723c751e8b465ee728b)  -> (artifact id: '627042a9bb3e272ae386cd95fcdb5121') in 0.236895 seconds
  Import took 0.239706 seconds .

========================================================================
Received Import Request.
  Time since last request: 298.001540 seconds.
  path: Assets/Materials/!Door02_PixelScaled.png
  artifactKey: Guid(9b849a64a80c6134a912595dcd732461) Importer(815301076,1909f56bfc062723c751e8b465ee728b)
Start importing Assets/Materials/!Door02_PixelScaled.png using Guid(9b849a64a80c6134a912595dcd732461) Importer(815301076,1909f56bfc062723c751e8b465ee728b)  -> (artifact id: '13651d7c553a2557940526efa3854371') in 0.020323 seconds
  Import took 0.023722 seconds .

========================================================================
Received Import Request.
  Time since last request: 228.113422 seconds.
  path: Assets/Materials/!Door02_PixelScaled.png
  artifactKey: Guid(9b849a64a80c6134a912595dcd732461) Importer(815301076,1909f56bfc062723c751e8b465ee728b)
Start importing Assets/Materials/!Door02_PixelScaled.png using Guid(9b849a64a80c6134a912595dcd732461) Importer(815301076,1909f56bfc062723c751e8b465ee728b)  -> (artifact id: '915431cd7114c3c782c8615f92b38c78') in 0.020332 seconds
  Import took 0.025172 seconds .

========================================================================
Received Import Request.
  Time since last request: 0.208092 seconds.
  path: Assets/Materials/!Door02_PixelScaled.png
  artifactKey: Guid(9b849a64a80c6134a912595dcd732461) Importer(815301076,1909f56bfc062723c751e8b465ee728b)
Start importing Assets/Materials/!Door02_PixelScaled.png using Guid(9b849a64a80c6134a912595dcd732461) Importer(815301076,1909f56bfc062723c751e8b465ee728b)  -> (artifact id: '915431cd7114c3c782c8615f92b38c78') in 0.014223 seconds
  Import took 0.019313 seconds .

========================================================================
Received Import Request.
  Time since last request: 48.833235 seconds.
  path: Assets/Materials/!Door02_PixelScaled.png
  artifactKey: Guid(9b849a64a80c6134a912595dcd732461) Importer(815301076,1909f56bfc062723c751e8b465ee728b)
Start importing Assets/Materials/!Door02_PixelScaled.png using Guid(9b849a64a80c6134a912595dcd732461) Importer(815301076,1909f56bfc062723c751e8b465ee728b)  -> (artifact id: 'f159516e50e99614cdb72a2d5f80793c') in 0.011733 seconds
  Import took 0.016101 seconds .

========================================================================
Received Import Request.
  Time since last request: 0.006714 seconds.
  path: Assets/Materials/!Door02_PixelScaled.png
  artifactKey: Guid(9b849a64a80c6134a912595dcd732461) Importer(815301076,1909f56bfc062723c751e8b465ee728b)
Start importing Assets/Materials/!Door02_PixelScaled.png using Guid(9b849a64a80c6134a912595dcd732461) Importer(815301076,1909f56bfc062723c751e8b465ee728b)  -> (artifact id: 'f159516e50e99614cdb72a2d5f80793c') in 0.012430 seconds
  Import took 0.015814 seconds .

========================================================================
Received Import Request.
  Time since last request: 154.533186 seconds.
  path: Assets/Materials/!Door02_PixelScaled.png
  artifactKey: Guid(9b849a64a80c6134a912595dcd732461) Importer(815301076,1909f56bfc062723c751e8b465ee728b)
Start importing Assets/Materials/!Door02_PixelScaled.png using Guid(9b849a64a80c6134a912595dcd732461) Importer(815301076,1909f56bfc062723c751e8b465ee728b)  -> (artifact id: '667620d0a1033c3c6e58678dc0177881') in 0.015070 seconds
  Import took 0.021274 seconds .

========================================================================
Received Import Request.
  Time since last request: 0.183391 seconds.
  path: Assets/Materials/!Door02_PixelScaled.png
  artifactKey: Guid(9b849a64a80c6134a912595dcd732461) Importer(815301076,1909f56bfc062723c751e8b465ee728b)
Start importing Assets/Materials/!Door02_PixelScaled.png using Guid(9b849a64a80c6134a912595dcd732461) Importer(815301076,1909f56bfc062723c751e8b465ee728b)  -> (artifact id: '667620d0a1033c3c6e58678dc0177881') in 0.012719 seconds
  Import took 0.016687 seconds .

========================================================================
Received Import Request.
  Time since last request: 136.881178 seconds.
  path: Assets/Materials/!Door02_PixelScaled.png
  artifactKey: Guid(9b849a64a80c6134a912595dcd732461) Importer(815301076,1909f56bfc062723c751e8b465ee728b)
Start importing Assets/Materials/!Door02_PixelScaled.png using Guid(9b849a64a80c6134a912595dcd732461) Importer(815301076,1909f56bfc062723c751e8b465ee728b)  -> (artifact id: '6d8f5133e5ada7ba45fab3cf7b8dbfbe') in 0.009672 seconds
  Import took 0.012695 seconds .

========================================================================
Received Import Request.
  Time since last request: 0.173203 seconds.
  path: Assets/Materials/!Door02_PixelScaled.png
  artifactKey: Guid(9b849a64a80c6134a912595dcd732461) Importer(815301076,1909f56bfc062723c751e8b465ee728b)
Start importing Assets/Materials/!Door02_PixelScaled.png using Guid(9b849a64a80c6134a912595dcd732461) Importer(815301076,1909f56bfc062723c751e8b465ee728b)  -> (artifact id: '6d8f5133e5ada7ba45fab3cf7b8dbfbe') in 0.013606 seconds
  Import took 0.017042 seconds .

========================================================================
Received Import Request.
  Time since last request: 151.244515 seconds.
  path: Assets/Materials/!Door02_PixelScaled.png
  artifactKey: Guid(9b849a64a80c6134a912595dcd732461) Importer(815301076,1909f56bfc062723c751e8b465ee728b)
Start importing Assets/Materials/!Door02_PixelScaled.png using Guid(9b849a64a80c6134a912595dcd732461) Importer(815301076,1909f56bfc062723c751e8b465ee728b)  -> (artifact id: '31a89a555432162de6b05296e4a4a1ec') in 0.013573 seconds
  Import took 0.017312 seconds .

========================================================================
Received Import Request.
  Time since last request: 0.172805 seconds.
  path: Assets/Materials/!Door02_PixelScaled.png
  artifactKey: Guid(9b849a64a80c6134a912595dcd732461) Importer(815301076,1909f56bfc062723c751e8b465ee728b)
Start importing Assets/Materials/!Door02_PixelScaled.png using Guid(9b849a64a80c6134a912595dcd732461) Importer(815301076,1909f56bfc062723c751e8b465ee728b)  -> (artifact id: '31a89a555432162de6b05296e4a4a1ec') in 0.011031 seconds
  Import took 0.014211 seconds .

========================================================================
Received Import Request.
  Time since last request: 168.622984 seconds.
  path: Assets/Materials/!Door02_PixelScaled.png
  artifactKey: Guid(9b849a64a80c6134a912595dcd732461) Importer(815301076,1909f56bfc062723c751e8b465ee728b)
Start importing Assets/Materials/!Door02_PixelScaled.png using Guid(9b849a64a80c6134a912595dcd732461) Importer(815301076,1909f56bfc062723c751e8b465ee728b)  -> (artifact id: '325c88c8d9c946ab10a31eb1e52ecb3b') in 0.009300 seconds
  Import took 0.012593 seconds .

========================================================================
Received Import Request.
  Time since last request: 0.010020 seconds.
  path: Assets/Materials/!Door02_PixelScaled.png
  artifactKey: Guid(9b849a64a80c6134a912595dcd732461) Importer(815301076,1909f56bfc062723c751e8b465ee728b)
Start importing Assets/Materials/!Door02_PixelScaled.png using Guid(9b849a64a80c6134a912595dcd732461) Importer(815301076,1909f56bfc062723c751e8b465ee728b)  -> (artifact id: '325c88c8d9c946ab10a31eb1e52ecb3b') in 0.010419 seconds
  Import took 0.013543 seconds .

========================================================================
Received Import Request.
  Time since last request: 266.864744 seconds.
  path: Assets/Materials/!Door02_PixelScaled.png
  artifactKey: Guid(9b849a64a80c6134a912595dcd732461) Importer(815301076,1909f56bfc062723c751e8b465ee728b)
Start importing Assets/Materials/!Door02_PixelScaled.png using Guid(9b849a64a80c6134a912595dcd732461) Importer(815301076,1909f56bfc062723c751e8b465ee728b)  -> (artifact id: 'e97adc2fb6b8a4dc3be45f9571eaf63d') in 0.011480 seconds
  Import took 0.016761 seconds .

========================================================================
Received Import Request.
  Time since last request: 0.190599 seconds.
  path: Assets/Materials/!Door02_PixelScaled.png
  artifactKey: Guid(9b849a64a80c6134a912595dcd732461) Importer(815301076,1909f56bfc062723c751e8b465ee728b)
Start importing Assets/Materials/!Door02_PixelScaled.png using Guid(9b849a64a80c6134a912595dcd732461) Importer(815301076,1909f56bfc062723c751e8b465ee728b)  -> (artifact id: 'e97adc2fb6b8a4dc3be45f9571eaf63d') in 0.009934 seconds
  Import took 0.013022 seconds .

========================================================================
Received Import Request.
  Time since last request: 114.029001 seconds.
  path: Assets/Materials/!Door02_PixelScaled.png
  artifactKey: Guid(9b849a64a80c6134a912595dcd732461) Importer(815301076,1909f56bfc062723c751e8b465ee728b)
Start importing Assets/Materials/!Door02_PixelScaled.png using Guid(9b849a64a80c6134a912595dcd732461) Importer(815301076,1909f56bfc062723c751e8b465ee728b)  -> (artifact id: 'c9b4388c78e66c76b8bb24c880973800') in 0.008848 seconds
  Import took 0.011686 seconds .

========================================================================
Received Import Request.
  Time since last request: 0.157555 seconds.
  path: Assets/Materials/!Door02_PixelScaled.png
  artifactKey: Guid(9b849a64a80c6134a912595dcd732461) Importer(815301076,1909f56bfc062723c751e8b465ee728b)
Start importing Assets/Materials/!Door02_PixelScaled.png using Guid(9b849a64a80c6134a912595dcd732461) Importer(815301076,1909f56bfc062723c751e8b465ee728b)  -> (artifact id: 'c9b4388c78e66c76b8bb24c880973800') in 0.009501 seconds
  Import took 0.013010 seconds .

========================================================================
Received Import Request.
  Time since last request: 61.803834 seconds.
  path: Assets/Materials/!Door02_PixelScaled.png
  artifactKey: Guid(9b849a64a80c6134a912595dcd732461) Importer(815301076,1909f56bfc062723c751e8b465ee728b)
Start importing Assets/Materials/!Door02_PixelScaled.png using Guid(9b849a64a80c6134a912595dcd732461) Importer(815301076,1909f56bfc062723c751e8b465ee728b)  -> (artifact id: 'a3c7d5e9d3b1ab2bde2725a89a441aee') in 0.014671 seconds
  Import took 0.020945 seconds .

========================================================================
Received Import Request.
  Time since last request: 0.075005 seconds.
  path: Assets/Materials/!Door02_PixelScaled.png
  artifactKey: Guid(9b849a64a80c6134a912595dcd732461) Importer(815301076,1909f56bfc062723c751e8b465ee728b)
Start importing Assets/Materials/!Door02_PixelScaled.png using Guid(9b849a64a80c6134a912595dcd732461) Importer(815301076,1909f56bfc062723c751e8b465ee728b)  -> (artifact id: 'a3c7d5e9d3b1ab2bde2725a89a441aee') in 0.009640 seconds
  Import took 0.013010 seconds .

========================================================================
Received Import Request.
  Time since last request: 32.084271 seconds.
  path: Assets/Materials/!Door02_PixelScaled.png
  artifactKey: Guid(9b849a64a80c6134a912595dcd732461) Importer(815301076,1909f56bfc062723c751e8b465ee728b)
Start importing Assets/Materials/!Door02_PixelScaled.png using Guid(9b849a64a80c6134a912595dcd732461) Importer(815301076,1909f56bfc062723c751e8b465ee728b)  -> (artifact id: '4995e6fda35c09db83f4d2bd6a69d752') in 0.027912 seconds
  Import took 0.031560 seconds .

========================================================================
Received Import Request.
  Time since last request: 0.005111 seconds.
  path: Assets/Materials/!Door02_PixelScaled.png
  artifactKey: Guid(9b849a64a80c6134a912595dcd732461) Importer(815301076,1909f56bfc062723c751e8b465ee728b)
Start importing Assets/Materials/!Door02_PixelScaled.png using Guid(9b849a64a80c6134a912595dcd732461) Importer(815301076,1909f56bfc062723c751e8b465ee728b)  -> (artifact id: '4995e6fda35c09db83f4d2bd6a69d752') in 0.018988 seconds
  Import took 0.022126 seconds .

========================================================================
Received Prepare
Registering precompiled user dll's ...
Registered in 0.001143 seconds.
Begin MonoManager ReloadAssembly
Native extension for WindowsStandalone target not found
Refreshing native plugins compatible for Editor in 0.34 ms, found 1 plugins.
Preloading 0 native plugins for Editor in 0.00 ms.
Mono: successfully reloaded assembly
- Completed reload, in  0.833 seconds
Platform modules already initialized, skipping
Refreshing native plugins compatible for Editor in 0.33 ms, found 1 plugins.
Preloading 0 native plugins for Editor in 0.00 ms.
Unloading 1800 Unused Serialized files (Serialized files now loaded: 0)
System memory in use before: 88.0 MB.
System memory in use after: 88.1 MB.

Unloading 8 unused Assets to reduce memory usage. Loaded Objects now: 2350.
Total: 1.937300 ms (FindLiveObjects: 0.193100 ms CreateObjectMapping: 0.066000 ms MarkObjects: 1.657100 ms  DeleteObjects: 0.019700 ms)

========================================================================
Received Prepare
Registering precompiled user dll's ...
Registered in 0.001282 seconds.
Begin MonoManager ReloadAssembly
Native extension for WindowsStandalone target not found
Refreshing native plugins compatible for Editor in 0.36 ms, found 1 plugins.
Preloading 0 native plugins for Editor in 0.00 ms.
Mono: successfully reloaded assembly
- Completed reload, in  1.114 seconds
Platform modules already initialized, skipping
Refreshing native plugins compatible for Editor in 0.43 ms, found 1 plugins.
Preloading 0 native plugins for Editor in 0.00 ms.
Unloading 1800 Unused Serialized files (Serialized files now loaded: 0)
System memory in use before: 88.0 MB.
System memory in use after: 88.1 MB.

Unloading 8 unused Assets to reduce memory usage. Loaded Objects now: 2353.
Total: 2.544200 ms (FindLiveObjects: 0.199400 ms CreateObjectMapping: 0.065700 ms MarkObjects: 2.262500 ms  DeleteObjects: 0.015400 ms)

========================================================================
Received Prepare
Registering precompiled user dll's ...
Registered in 0.001203 seconds.
Begin MonoManager ReloadAssembly
Native extension for WindowsStandalone target not found
Refreshing native plugins compatible for Editor in 0.32 ms, found 1 plugins.
Preloading 0 native plugins for Editor in 0.00 ms.
Mono: successfully reloaded assembly
- Completed reload, in  0.843 seconds
Platform modules already initialized, skipping
Refreshing native plugins compatible for Editor in 0.32 ms, found 1 plugins.
Preloading 0 native plugins for Editor in 0.00 ms.
Unloading 1800 Unused Serialized files (Serialized files now loaded: 0)
System memory in use before: 88.0 MB.
System memory in use after: 88.1 MB.

Unloading 8 unused Assets to reduce memory usage. Loaded Objects now: 2356.
Total: 1.819200 ms (FindLiveObjects: 0.162500 ms CreateObjectMapping: 0.050000 ms MarkObjects: 1.592000 ms  DeleteObjects: 0.013500 ms)

========================================================================
Received Import Request.
  Time since last request: 593.563851 seconds.
  path: Assets/Materials/Animation/!Door02_PixelScaled_0.controller
  artifactKey: Guid(cde94250773373342ba443979646df82) Importer(815301076,1909f56bfc062723c751e8b465ee728b)
Start importing Assets/Materials/Animation/!Door02_PixelScaled_0.controller using Guid(cde94250773373342ba443979646df82) Importer(815301076,1909f56bfc062723c751e8b465ee728b)  -> (artifact id: 'eabc5f8fa9ec6ef2fccd5f319cbbf6bd') in 0.020281 seconds
  Import took 0.023465 seconds .

========================================================================
Received Prepare
Registering precompiled user dll's ...
Registered in 0.002570 seconds.
Begin MonoManager ReloadAssembly
Native extension for WindowsStandalone target not found
Refreshing native plugins compatible for Editor in 0.41 ms, found 1 plugins.
Preloading 0 native plugins for Editor in 0.00 ms.
Mono: successfully reloaded assembly
- Completed reload, in  1.136 seconds
Platform modules already initialized, skipping
Refreshing native plugins compatible for Editor in 0.60 ms, found 1 plugins.
Preloading 0 native plugins for Editor in 0.00 ms.
Unloading 1800 Unused Serialized files (Serialized files now loaded: 0)
System memory in use before: 88.0 MB.
System memory in use after: 88.1 MB.

Unloading 8 unused Assets to reduce memory usage. Loaded Objects now: 2359.
Total: 2.841500 ms (FindLiveObjects: 0.447600 ms CreateObjectMapping: 0.108700 ms MarkObjects: 2.266300 ms  DeleteObjects: 0.017100 ms)

========================================================================
Received Import Request.
  Time since last request: 191.803394 seconds.
  path: Assets/Materials/Animation
  artifactKey: Guid(2a46d65299974de46b145f40ad1f7ccb) Importer(815301076,1909f56bfc062723c751e8b465ee728b)
Start importing Assets/Materials/Animation using Guid(2a46d65299974de46b145f40ad1f7ccb) Importer(815301076,1909f56bfc062723c751e8b465ee728b)  -> (artifact id: 'c6c6ac545fdd2eb74c7ca6e7e6ef6503') in 0.008724 seconds
  Import took 0.012400 seconds .

========================================================================
Received Import Request.
  Time since last request: 23.970639 seconds.
  path: Assets/Materials/Animation/DoorOpen.anim
  artifactKey: Guid(b56bca73cd010c84f925875e865b8794) Importer(815301076,1909f56bfc062723c751e8b465ee728b)
Start importing Assets/Materials/Animation/DoorOpen.anim using Guid(b56bca73cd010c84f925875e865b8794) Importer(815301076,1909f56bfc062723c751e8b465ee728b)  -> (artifact id: '2e47e8820ce5851aab2e7577d5e0a841') in 0.016184 seconds
  Import took 0.019903 seconds .

========================================================================
Received Import Request.
  Time since last request: 3.916248 seconds.
  path: Assets/Materials/Animation/Main ground.controller
  artifactKey: Guid(d1f70344a92bd7449bb1f4e33714bbc3) Importer(815301076,1909f56bfc062723c751e8b465ee728b)
Start importing Assets/Materials/Animation/Main ground.controller using Guid(d1f70344a92bd7449bb1f4e33714bbc3) Importer(815301076,1909f56bfc062723c751e8b465ee728b)  -> (artifact id: '0cbbb38639e27f10140f7b1a3b3d8aee') in 0.007072 seconds
  Import took 0.010878 seconds .

========================================================================
Received Import Request.
  Time since last request: 130.027855 seconds.
  path: Assets/Materials/Animation/DoorOpen.anim
  artifactKey: Guid(b56bca73cd010c84f925875e865b8794) Importer(815301076,1909f56bfc062723c751e8b465ee728b)
Start importing Assets/Materials/Animation/DoorOpen.anim using Guid(b56bca73cd010c84f925875e865b8794) Importer(815301076,1909f56bfc062723c751e8b465ee728b)  -> (artifact id: 'b069e880537ccb5bb9cc6af9e96bb5ae') in 0.005742 seconds
  Import took 0.009503 seconds .

========================================================================
Received Prepare
Registering precompiled user dll's ...
Registered in 0.001178 seconds.
Begin MonoManager ReloadAssembly
Native extension for WindowsStandalone target not found
Refreshing native plugins compatible for Editor in 0.32 ms, found 1 plugins.
Preloading 0 native plugins for Editor in 0.00 ms.
Mono: successfully reloaded assembly
- Completed reload, in  0.894 seconds
Platform modules already initialized, skipping
Refreshing native plugins compatible for Editor in 0.32 ms, found 1 plugins.
Preloading 0 native plugins for Editor in 0.00 ms.
Unloading 1800 Unused Serialized files (Serialized files now loaded: 0)
System memory in use before: 88.1 MB.
System memory in use after: 88.2 MB.

Unloading 8 unused Assets to reduce memory usage. Loaded Objects now: 2362.
Total: 1.993300 ms (FindLiveObjects: 0.215800 ms CreateObjectMapping: 0.114500 ms MarkObjects: 1.645400 ms  DeleteObjects: 0.016300 ms)

========================================================================
Received Prepare
Registering precompiled user dll's ...
Registered in 0.001166 seconds.
Begin MonoManager ReloadAssembly
Native extension for WindowsStandalone target not found
Refreshing native plugins compatible for Editor in 0.33 ms, found 1 plugins.
Preloading 0 native plugins for Editor in 0.00 ms.
Mono: successfully reloaded assembly
- Completed reload, in  0.877 seconds
Platform modules already initialized, skipping
Refreshing native plugins compatible for Editor in 0.31 ms, found 1 plugins.
Preloading 0 native plugins for Editor in 0.00 ms.
Unloading 1800 Unused Serialized files (Serialized files now loaded: 0)
System memory in use before: 88.1 MB.
System memory in use after: 88.2 MB.

Unloading 8 unused Assets to reduce memory usage. Loaded Objects now: 2365.
Total: 2.172300 ms (FindLiveObjects: 0.175500 ms CreateObjectMapping: 0.061800 ms MarkObjects: 1.916400 ms  DeleteObjects: 0.017600 ms)

========================================================================
Received Import Request.
  Time since last request: 70.092328 seconds.
  path: Assets/Materials
  artifactKey: Guid(f5c942e58d5a8f64ab70b1e7cce4193b) Importer(815301076,1909f56bfc062723c751e8b465ee728b)
Start importing Assets/Materials using Guid(f5c942e58d5a8f64ab70b1e7cce4193b) Importer(815301076,1909f56bfc062723c751e8b465ee728b)  -> (artifact id: '5de352d589b1234482edc60154a741c6') in 0.006304 seconds
  Import took 0.010073 seconds .

========================================================================
Received Prepare
Registering precompiled user dll's ...
Registered in 0.001629 seconds.
Begin MonoManager ReloadAssembly
Native extension for WindowsStandalone target not found
Refreshing native plugins compatible for Editor in 0.32 ms, found 1 plugins.
Preloading 0 native plugins for Editor in 0.00 ms.
Mono: successfully reloaded assembly
- Completed reload, in  0.839 seconds
Platform modules already initialized, skipping
Refreshing native plugins compatible for Editor in 0.39 ms, found 1 plugins.
Preloading 0 native plugins for Editor in 0.00 ms.
Unloading 1800 Unused Serialized files (Serialized files now loaded: 0)
System memory in use before: 88.1 MB.
System memory in use after: 88.2 MB.

Unloading 8 unused Assets to reduce memory usage. Loaded Objects now: 2368.
Total: 2.225700 ms (FindLiveObjects: 0.238600 ms CreateObjectMapping: 0.118900 ms MarkObjects: 1.847900 ms  DeleteObjects: 0.018600 ms)

========================================================================
Received Prepare
Registering precompiled user dll's ...
Registered in 0.001178 seconds.
Begin MonoManager ReloadAssembly
Native extension for WindowsStandalone target not found
Refreshing native plugins compatible for Editor in 0.35 ms, found 1 plugins.
Preloading 0 native plugins for Editor in 0.00 ms.
Mono: successfully reloaded assembly
- Completed reload, in  0.926 seconds
Platform modules already initialized, skipping
Refreshing native plugins compatible for Editor in 1.52 ms, found 1 plugins.
Preloading 0 native plugins for Editor in 0.00 ms.
Unloading 1800 Unused Serialized files (Serialized files now loaded: 0)
System memory in use before: 88.1 MB.
System memory in use after: 88.2 MB.

Unloading 8 unused Assets to reduce memory usage. Loaded Objects now: 2371.
Total: 3.150300 ms (FindLiveObjects: 0.705000 ms CreateObjectMapping: 0.195000 ms MarkObjects: 2.224500 ms  DeleteObjects: 0.023200 ms)

========================================================================
Received Prepare
Registering precompiled user dll's ...
Registered in 0.001233 seconds.
Begin MonoManager ReloadAssembly
Native extension for WindowsStandalone target not found
Refreshing native plugins compatible for Editor in 0.34 ms, found 1 plugins.
Preloading 0 native plugins for Editor in 0.00 ms.
Mono: successfully reloaded assembly
- Completed reload, in  0.877 seconds
Platform modules already initialized, skipping
Refreshing native plugins compatible for Editor in 0.39 ms, found 1 plugins.
Preloading 0 native plugins for Editor in 0.00 ms.
Unloading 1800 Unused Serialized files (Serialized files now loaded: 0)
System memory in use before: 88.1 MB.
System memory in use after: 88.2 MB.

Unloading 8 unused Assets to reduce memory usage. Loaded Objects now: 2374.
Total: 1.913400 ms (FindLiveObjects: 0.153800 ms CreateObjectMapping: 0.050400 ms MarkObjects: 1.695600 ms  DeleteObjects: 0.012700 ms)

AssetImportWorkerClient::OnTransportError - code=2 error=End of file
